npm warn config production Use `--omit=dev` instead.

up to date, audited 1 package in 732ms

found 0 vulnerabilities
🖥️  OpenClaw 状态面板: http://localhost:60601
📊 API:              http://localhost:60601/api/status
npm warn config production Use `--omit=dev` instead.

up to date, audited 1 package in 139ms

found 0 vulnerabilities
🖥️  OpenClaw 状态面板: http://localhost:60601
📊 API:              http://localhost:60601/api/status
npm warn config production Use `--omit=dev` instead.

up to date, audited 1 package in 139ms

found 0 vulnerabilities
🖥️  OpenClaw 状态面板: http://localhost:60601
📊 API:              http://localhost:60601/api/status
npm warn config production Use `--omit=dev` instead.

up to date, audited 1 package in 158ms

found 0 vulnerabilities
🖥️  OpenClaw 状态面板: http://localhost:60601
📊 API:              http://localhost:60601/api/status
npm warn config production Use `--omit=dev` instead.

up to date, audited 1 package in 135ms

found 0 vulnerabilities
🖥️  OpenClaw 状态面板: http://localhost:60601
📊 API:              http://localhost:60601/api/status
npm warn config production Use `--omit=dev` instead.

up to date, audited 1 package in 139ms

found 0 vulnerabilities
🖥️  OpenClaw 状态面板: http://localhost:60601
📊 API:              http://localhost:60601/api/status
npm warn config production Use `--omit=dev` instead.

up to date, audited 1 package in 163ms

found 0 vulnerabilities
🖥️  OpenClaw 状态面板: http://localhost:60601
📊 API:              http://localhost:60601/api/status
